<?xml version="1.0" encoding="UTF-8"?>
<!-- Generated by org.testng.reporters.JUnitReportReporter -->
<testsuite skipped="0" hostname="DESKTOP-A1GG2FQ" name="com.combinations.framework.FindAllEnglishWords.Runner.TestRunner" tests="4" failures="0" timestamp="2021-06-23T10:21:03 EDT" time="23.085" errors="0">
  <testcase name="runScenario" time="2.638" classname="com.combinations.framework.FindAllEnglishWords.Runner.TestRunner"/>
  <system-out/>
  <testcase name="runScenario" time="7.880" classname="com.combinations.framework.FindAllEnglishWords.Runner.TestRunner"/>
  <system-out/>
  <testcase name="runScenario" time="7.263" classname="com.combinations.framework.FindAllEnglishWords.Runner.TestRunner"/>
  <system-out/>
  <testcase name="runScenario" time="5.304" classname="com.combinations.framework.FindAllEnglishWords.Runner.TestRunner"/>
  <system-out/>
</testsuite> <!-- com.combinations.framework.FindAllEnglishWords.Runner.TestRunner -->
