<?xml version="1.0" encoding="UTF-8"?>
<!-- Generated by org.testng.reporters.JUnitReportReporter -->
<testsuite skipped="0" hostname="DESKTOP-A1GG2FQ" name="com.combinations.framework.FindAllEnglishWords.Runner.TestRunner" tests="4" failures="0" timestamp="2021-06-23T03:52:40 EDT" time="23.502" errors="0">
  <testcase name="runScenario" time="2.438" classname="com.combinations.framework.FindAllEnglishWords.Runner.TestRunner"/>
  <system-out/>
  <testcase name="runScenario" time="6.573" classname="com.combinations.framework.FindAllEnglishWords.Runner.TestRunner"/>
  <system-out/>
  <testcase name="runScenario" time="8.742" classname="com.combinations.framework.FindAllEnglishWords.Runner.TestRunner"/>
  <system-out/>
  <testcase name="runScenario" time="5.749" classname="com.combinations.framework.FindAllEnglishWords.Runner.TestRunner"/>
  <system-out/>
</testsuite> <!-- com.combinations.framework.FindAllEnglishWords.Runner.TestRunner -->
