<?xml version="1.0" encoding="UTF-8"?>
<!-- Generated by org.testng.reporters.JUnitReportReporter -->
<testsuite skipped="0" hostname="DESKTOP-A1GG2FQ" name="com.combinations.framework.FindAllEnglishWords.Runner.TestRunner" tests="5" failures="0" timestamp="2021-06-23T10:40:45 EDT" time="553.464" errors="0">
  <testcase name="runScenario" time="8.773" classname="com.combinations.framework.FindAllEnglishWords.Runner.TestRunner"/>
  <system-out/>
  <testcase name="runScenario" time="530.510" classname="com.combinations.framework.FindAllEnglishWords.Runner.TestRunner"/>
  <system-out/>
  <testcase name="runScenario" time="2.662" classname="com.combinations.framework.FindAllEnglishWords.Runner.TestRunner"/>
  <system-out/>
  <testcase name="runScenario" time="6.250" classname="com.combinations.framework.FindAllEnglishWords.Runner.TestRunner"/>
  <system-out/>
  <testcase name="runScenario" time="5.269" classname="com.combinations.framework.FindAllEnglishWords.Runner.TestRunner"/>
  <system-out/>
</testsuite> <!-- com.combinations.framework.FindAllEnglishWords.Runner.TestRunner -->
